<?xml version="1.0" encoding="UTF-8" ?>
<testsuite tests="3" failures="0" name="com.test_meet.controllers.ReservationControllerTest" time="0.043" errors="0" skipped="0">
  <properties>
[...]
</properties>
  <testcase classname="com.test_meet.controllers.ReservationControllerTest" name="testCreateSuccess" time="0.038"/>
  <testcase classname="com.test_meet.controllers.ReservationControllerTest" name="testCreateErrorPastDate" time="0.004"/>
  <testcase classname="com.test_meet.controllers.ReservationControllerTest" name="testCreateErrorExistReservation" time="0.001"/>
</testsuite>